<?xml version="1.0" encoding="UTF-8"?>
<coverage generated="1632970355821" clover="3.2.0">
  <project timestamp="1632970355821" name="All files">
    <metrics statements="160" coveredstatements="129" conditionals="28" coveredconditionals="15" methods="47" coveredmethods="36" elements="235" coveredelements="180" complexity="0" loc="160" ncloc="160" packages="4" files="4" classes="4"/>
    <package name="data.repository">
      <metrics statements="9" coveredstatements="4" conditionals="0" coveredconditionals="0" methods="5" coveredmethods="1"/>
      <file name="UsingFirebaseDB.ts" path="/Users/kimdong-u/Desktop/soomgo_commuting/soomgo_wecode_commuting_app/app/data/repository/UsingFirebaseDB.ts">
        <metrics statements="9" coveredstatements="4" conditionals="0" coveredconditionals="0" methods="5" coveredmethods="1"/>
        <line num="1" count="2" type="stmt"/>
        <line num="6" count="2" type="stmt"/>
        <line num="12" count="1" type="stmt"/>
        <line num="16" count="0" type="stmt"/>
        <line num="20" count="0" type="stmt"/>
        <line num="24" count="0" type="stmt"/>
        <line num="28" count="0" type="stmt"/>
        <line num="29" count="0" type="stmt"/>
        <line num="33" count="2" type="stmt"/>
      </file>
    </package>
    <package name="data.repository.workLog">
      <metrics statements="30" coveredstatements="9" conditionals="0" coveredconditionals="0" methods="7" coveredmethods="2"/>
      <file name="WorkLogRepository.ts" path="/Users/kimdong-u/Desktop/soomgo_commuting/soomgo_wecode_commuting_app/app/data/repository/workLog/WorkLogRepository.ts">
        <metrics statements="30" coveredstatements="9" conditionals="0" coveredconditionals="0" methods="7" coveredmethods="2"/>
        <line num="1" count="1" type="stmt"/>
        <line num="2" count="1" type="stmt"/>
        <line num="3" count="1" type="stmt"/>
        <line num="6" count="1" type="stmt"/>
        <line num="8" count="1" type="stmt"/>
        <line num="10" count="1" type="stmt"/>
        <line num="11" count="1" type="stmt"/>
        <line num="12" count="1" type="stmt"/>
        <line num="14" count="1" type="stmt"/>
        <line num="16" count="0" type="stmt"/>
        <line num="17" count="0" type="stmt"/>
        <line num="21" count="0" type="stmt"/>
        <line num="23" count="0" type="stmt"/>
        <line num="24" count="0" type="stmt"/>
        <line num="25" count="0" type="stmt"/>
        <line num="27" count="0" type="stmt"/>
        <line num="29" count="0" type="stmt"/>
        <line num="30" count="0" type="stmt"/>
        <line num="35" count="0" type="stmt"/>
        <line num="37" count="0" type="stmt"/>
        <line num="38" count="0" type="stmt"/>
        <line num="39" count="0" type="stmt"/>
        <line num="41" count="0" type="stmt"/>
        <line num="43" count="0" type="stmt"/>
        <line num="44" count="0" type="stmt"/>
        <line num="49" count="0" type="stmt"/>
        <line num="51" count="0" type="stmt"/>
        <line num="52" count="0" type="stmt"/>
        <line num="53" count="0" type="stmt"/>
        <line num="55" count="0" type="stmt"/>
      </file>
    </package>
    <package name="data.repository.workTimeDetail">
      <metrics statements="30" coveredstatements="29" conditionals="10" coveredconditionals="6" methods="6" coveredmethods="6"/>
      <file name="WorkTimeDetailRepository.ts" path="/Users/kimdong-u/Desktop/soomgo_commuting/soomgo_wecode_commuting_app/app/data/repository/workTimeDetail/WorkTimeDetailRepository.ts">
        <metrics statements="30" coveredstatements="29" conditionals="10" coveredconditionals="6" methods="6" coveredmethods="6"/>
        <line num="1" count="1" type="stmt"/>
        <line num="2" count="1" type="stmt"/>
        <line num="3" count="1" type="stmt"/>
        <line num="4" count="1" type="stmt"/>
        <line num="7" count="1" type="stmt"/>
        <line num="9" count="1" type="stmt"/>
        <line num="11" count="1" type="stmt"/>
        <line num="12" count="1" type="stmt"/>
        <line num="13" count="1" type="stmt"/>
        <line num="14" count="1" type="stmt"/>
        <line num="15" count="1" type="stmt"/>
        <line num="16" count="1" type="stmt"/>
        <line num="18" count="1" type="stmt"/>
        <line num="19" count="1" type="stmt"/>
        <line num="25" count="1" type="stmt"/>
        <line num="29" count="1" type="stmt"/>
        <line num="30" count="1" type="stmt"/>
        <line num="31" count="1" type="cond" truecount="2" falsecount="2"/>
        <line num="32" count="1" type="stmt"/>
        <line num="37" count="1" type="stmt"/>
        <line num="38" count="1" type="stmt"/>
        <line num="39" count="1" type="cond" truecount="3" falsecount="1"/>
        <line num="40" count="1" type="cond" truecount="1" falsecount="1"/>
        <line num="41" count="1" type="stmt"/>
        <line num="42" count="1" type="stmt"/>
        <line num="45" count="1" type="stmt"/>
        <line num="51" count="1" type="stmt"/>
        <line num="58" count="1" type="stmt"/>
        <line num="63" count="1" type="stmt"/>
        <line num="65" count="0" type="stmt"/>
      </file>
    </package>
    <package name="utils">
      <metrics statements="91" coveredstatements="87" conditionals="18" coveredconditionals="9" methods="29" coveredmethods="27"/>
      <file name="dayjs.ts" path="/Users/kimdong-u/Desktop/soomgo_commuting/soomgo_wecode_commuting_app/app/utils/dayjs.ts">
        <metrics statements="91" coveredstatements="87" conditionals="18" coveredconditionals="9" methods="29" coveredmethods="27"/>
        <line num="1" count="3" type="stmt"/>
        <line num="2" count="3" type="stmt"/>
        <line num="3" count="3" type="stmt"/>
        <line num="4" count="3" type="stmt"/>
        <line num="5" count="3" type="stmt"/>
        <line num="7" count="3" type="stmt"/>
        <line num="8" count="3" type="stmt"/>
        <line num="9" count="3" type="stmt"/>
        <line num="11" count="3" type="stmt"/>
        <line num="12" count="0" type="cond" truecount="0" falsecount="2"/>
        <line num="13" count="0" type="stmt"/>
        <line num="15" count="0" type="stmt"/>
        <line num="19" count="3" type="stmt"/>
        <line num="20" count="1" type="stmt"/>
        <line num="23" count="3" type="stmt"/>
        <line num="24" count="4" type="stmt"/>
        <line num="27" count="3" type="stmt"/>
        <line num="28" count="4" type="stmt"/>
        <line num="31" count="3" type="stmt"/>
        <line num="32" count="3" type="stmt"/>
        <line num="35" count="3" type="stmt"/>
        <line num="36" count="1" type="stmt"/>
        <line num="39" count="3" type="stmt"/>
        <line num="40" count="1" type="stmt"/>
        <line num="43" count="3" type="stmt"/>
        <line num="44" count="1" type="stmt"/>
        <line num="47" count="3" type="stmt"/>
        <line num="48" count="2" type="stmt"/>
        <line num="51" count="3" type="stmt"/>
        <line num="52" count="1" type="stmt"/>
        <line num="53" count="1" type="stmt"/>
        <line num="56" count="3" type="stmt"/>
        <line num="57" count="0" type="stmt"/>
        <line num="60" count="3" type="stmt"/>
        <line num="61" count="1" type="stmt"/>
        <line num="64" count="3" type="stmt"/>
        <line num="65" count="2" type="stmt"/>
        <line num="68" count="3" type="stmt"/>
        <line num="69" count="7" type="stmt"/>
        <line num="72" count="3" type="stmt"/>
        <line num="73" count="1" type="stmt"/>
        <line num="76" count="3" type="stmt"/>
        <line num="77" count="4" type="stmt"/>
        <line num="80" count="3" type="stmt"/>
        <line num="81" count="4" type="stmt"/>
        <line num="82" count="4" type="stmt"/>
        <line num="85" count="3" type="stmt"/>
        <line num="86" count="1" type="stmt"/>
        <line num="89" count="3" type="stmt"/>
        <line num="90" count="1" type="stmt"/>
        <line num="93" count="3" type="stmt"/>
        <line num="94" count="2" type="stmt"/>
        <line num="97" count="3" type="stmt"/>
        <line num="98" count="1" type="stmt"/>
        <line num="101" count="3" type="stmt"/>
        <line num="102" count="1" type="stmt"/>
        <line num="105" count="3" type="stmt"/>
        <line num="106" count="1" type="stmt"/>
        <line num="107" count="1" type="stmt"/>
        <line num="108" count="1" type="stmt"/>
        <line num="109" count="1" type="stmt"/>
        <line num="111" count="1" type="cond" truecount="2" falsecount="2"/>
        <line num="112" count="1" type="stmt"/>
        <line num="115" count="3" type="stmt"/>
        <line num="116" count="3" type="stmt"/>
        <line num="119" count="3" type="stmt"/>
        <line num="120" count="1" type="stmt"/>
        <line num="123" count="3" type="stmt"/>
        <line num="124" count="4" type="stmt"/>
        <line num="127" count="3" type="stmt"/>
        <line num="128" count="1" type="stmt"/>
        <line num="129" count="1" type="stmt"/>
        <line num="130" count="1" type="stmt"/>
        <line num="131" count="1" type="stmt"/>
        <line num="133" count="1" type="cond" truecount="2" falsecount="2"/>
        <line num="134" count="1" type="stmt"/>
        <line num="137" count="3" type="stmt"/>
        <line num="138" count="1" type="stmt"/>
        <line num="139" count="1" type="stmt"/>
        <line num="140" count="1" type="stmt"/>
        <line num="142" count="1" type="cond" truecount="1" falsecount="1"/>
        <line num="143" count="1" type="stmt"/>
        <line num="146" count="3" type="stmt"/>
        <line num="147" count="2" type="cond" truecount="2" falsecount="0"/>
        <line num="148" count="1" type="stmt"/>
        <line num="150" count="1" type="stmt"/>
        <line num="151" count="1" type="stmt"/>
        <line num="152" count="1" type="stmt"/>
        <line num="153" count="1" type="stmt"/>
        <line num="155" count="1" type="cond" truecount="2" falsecount="2"/>
        <line num="156" count="1" type="stmt"/>
      </file>
    </package>
  </project>
</coverage>
