{"/Users/kimdong-u/Desktop/soomgo_commuting/soomgo_wecode_commuting_app/app/utils/dayjs.ts": {"path":"/Users/kimdong-u/Desktop/soomgo_commuting/soomgo_wecode_commuting_app/app/utils/dayjs.ts","statementMap":{"0":{"start":{"line":6,"column":0},"end":{"line":6,"column":19}},"1":{"start":{"line":7,"column":0},"end":{"line":7,"column":19}},"2":{"start":{"line":9,"column":24},"end":{"line":11,"column":1}},"3":{"start":{"line":10,"column":2},"end":{"line":10,"column":47}},"4":{"start":{"line":13,"column":23},"end":{"line":15,"column":1}},"5":{"start":{"line":14,"column":2},"end":{"line":14,"column":24}},"6":{"start":{"line":17,"column":24},"end":{"line":19,"column":1}},"7":{"start":{"line":18,"column":2},"end":{"line":18,"column":29}},"8":{"start":{"line":21,"column":23},"end":{"line":23,"column":1}},"9":{"start":{"line":22,"column":2},"end":{"line":22,"column":24}},"10":{"start":{"line":25,"column":23},"end":{"line":27,"column":1}},"11":{"start":{"line":26,"column":2},"end":{"line":26,"column":69}},"12":{"start":{"line":29,"column":28},"end":{"line":31,"column":1}},"13":{"start":{"line":30,"column":2},"end":{"line":30,"column":44}},"14":{"start":{"line":33,"column":27},"end":{"line":35,"column":1}},"15":{"start":{"line":34,"column":2},"end":{"line":34,"column":27}},"16":{"start":{"line":37,"column":34},"end":{"line":39,"column":1}},"17":{"start":{"line":38,"column":2},"end":{"line":38,"column":38}},"18":{"start":{"line":41,"column":38},"end":{"line":44,"column":1}},"19":{"start":{"line":42,"column":20},"end":{"line":42,"column":65}},"20":{"start":{"line":43,"column":2},"end":{"line":43,"column":47}},"21":{"start":{"line":46,"column":27},"end":{"line":48,"column":1}},"22":{"start":{"line":47,"column":2},"end":{"line":47,"column":43}},"23":{"start":{"line":50,"column":30},"end":{"line":52,"column":1}},"24":{"start":{"line":51,"column":2},"end":{"line":51,"column":26}},"25":{"start":{"line":54,"column":25},"end":{"line":56,"column":1}},"26":{"start":{"line":55,"column":2},"end":{"line":55,"column":47}},"27":{"start":{"line":58,"column":29},"end":{"line":60,"column":1}},"28":{"start":{"line":59,"column":2},"end":{"line":59,"column":49}},"29":{"start":{"line":62,"column":26},"end":{"line":64,"column":1}},"30":{"start":{"line":63,"column":2},"end":{"line":63,"column":24}},"31":{"start":{"line":66,"column":30},"end":{"line":68,"column":1}},"32":{"start":{"line":67,"column":2},"end":{"line":67,"column":28}},"33":{"start":{"line":70,"column":24},"end":{"line":73,"column":1}},"34":{"start":{"line":71,"column":2},"end":{"line":71,"column":21}},"35":{"start":{"line":72,"column":2},"end":{"line":72,"column":39}},"36":{"start":{"line":75,"column":30},"end":{"line":77,"column":1}},"37":{"start":{"line":76,"column":2},"end":{"line":76,"column":37}},"38":{"start":{"line":79,"column":29},"end":{"line":81,"column":1}},"39":{"start":{"line":80,"column":2},"end":{"line":80,"column":47}},"40":{"start":{"line":83,"column":29},"end":{"line":85,"column":1}},"41":{"start":{"line":84,"column":2},"end":{"line":84,"column":42}},"42":{"start":{"line":87,"column":32},"end":{"line":89,"column":1}},"43":{"start":{"line":88,"column":2},"end":{"line":88,"column":46}},"44":{"start":{"line":91,"column":30},"end":{"line":93,"column":1}},"45":{"start":{"line":92,"column":2},"end":{"line":92,"column":81}},"46":{"start":{"line":95,"column":23},"end":{"line":103,"column":1}},"47":{"start":{"line":96,"column":15},"end":{"line":96,"column":77}},"48":{"start":{"line":97,"column":15},"end":{"line":97,"column":50}},"49":{"start":{"line":98,"column":17},"end":{"line":98,"column":54}},"50":{"start":{"line":99,"column":18},"end":{"line":99,"column":48}},"51":{"start":{"line":101,"column":21},"end":{"line":101,"column":111}},"52":{"start":{"line":102,"column":2},"end":{"line":102,"column":20}},"53":{"start":{"line":105,"column":39},"end":{"line":107,"column":1}},"54":{"start":{"line":106,"column":2},"end":{"line":106,"column":46}},"55":{"start":{"line":109,"column":35},"end":{"line":111,"column":1}},"56":{"start":{"line":110,"column":2},"end":{"line":110,"column":55}},"57":{"start":{"line":113,"column":32},"end":{"line":115,"column":1}},"58":{"start":{"line":114,"column":2},"end":{"line":114,"column":31}},"59":{"start":{"line":117,"column":31},"end":{"line":125,"column":1}},"60":{"start":{"line":118,"column":15},"end":{"line":118,"column":23}},"61":{"start":{"line":119,"column":15},"end":{"line":119,"column":50}},"62":{"start":{"line":120,"column":17},"end":{"line":120,"column":54}},"63":{"start":{"line":121,"column":18},"end":{"line":121,"column":48}},"64":{"start":{"line":123,"column":19},"end":{"line":123,"column":109}},"65":{"start":{"line":124,"column":2},"end":{"line":124,"column":18}},"66":{"start":{"line":127,"column":47},"end":{"line":134,"column":1}},"67":{"start":{"line":128,"column":15},"end":{"line":128,"column":23}},"68":{"start":{"line":129,"column":15},"end":{"line":129,"column":50}},"69":{"start":{"line":130,"column":17},"end":{"line":130,"column":54}},"70":{"start":{"line":132,"column":19},"end":{"line":132,"column":70}},"71":{"start":{"line":133,"column":2},"end":{"line":133,"column":18}},"72":{"start":{"line":136,"column":34},"end":{"line":144,"column":1}},"73":{"start":{"line":137,"column":15},"end":{"line":137,"column":78}},"74":{"start":{"line":138,"column":15},"end":{"line":138,"column":50}},"75":{"start":{"line":139,"column":17},"end":{"line":139,"column":54}},"76":{"start":{"line":140,"column":18},"end":{"line":140,"column":48}},"77":{"start":{"line":142,"column":21},"end":{"line":142,"column":111}},"78":{"start":{"line":143,"column":2},"end":{"line":143,"column":20}}},"fnMap":{"0":{"name":"(anonymous_0)","decl":{"start":{"line":9,"column":24},"end":{"line":9,"column":25}},"loc":{"start":{"line":9,"column":30},"end":{"line":11,"column":1}},"line":9},"1":{"name":"(anonymous_1)","decl":{"start":{"line":13,"column":23},"end":{"line":13,"column":24}},"loc":{"start":{"line":13,"column":29},"end":{"line":15,"column":1}},"line":13},"2":{"name":"(anonymous_2)","decl":{"start":{"line":17,"column":24},"end":{"line":17,"column":25}},"loc":{"start":{"line":17,"column":30},"end":{"line":19,"column":1}},"line":17},"3":{"name":"(anonymous_3)","decl":{"start":{"line":21,"column":23},"end":{"line":21,"column":24}},"loc":{"start":{"line":21,"column":29},"end":{"line":23,"column":1}},"line":21},"4":{"name":"(anonymous_4)","decl":{"start":{"line":25,"column":23},"end":{"line":25,"column":24}},"loc":{"start":{"line":25,"column":29},"end":{"line":27,"column":1}},"line":25},"5":{"name":"(anonymous_5)","decl":{"start":{"line":29,"column":28},"end":{"line":29,"column":29}},"loc":{"start":{"line":29,"column":34},"end":{"line":31,"column":1}},"line":29},"6":{"name":"(anonymous_6)","decl":{"start":{"line":33,"column":27},"end":{"line":33,"column":28}},"loc":{"start":{"line":33,"column":33},"end":{"line":35,"column":1}},"line":33},"7":{"name":"(anonymous_7)","decl":{"start":{"line":37,"column":34},"end":{"line":37,"column":35}},"loc":{"start":{"line":37,"column":40},"end":{"line":39,"column":1}},"line":37},"8":{"name":"(anonymous_8)","decl":{"start":{"line":41,"column":38},"end":{"line":41,"column":39}},"loc":{"start":{"line":41,"column":44},"end":{"line":44,"column":1}},"line":41},"9":{"name":"(anonymous_9)","decl":{"start":{"line":46,"column":27},"end":{"line":46,"column":28}},"loc":{"start":{"line":46,"column":33},"end":{"line":48,"column":1}},"line":46},"10":{"name":"(anonymous_10)","decl":{"start":{"line":50,"column":30},"end":{"line":50,"column":31}},"loc":{"start":{"line":50,"column":47},"end":{"line":52,"column":1}},"line":50},"11":{"name":"(anonymous_11)","decl":{"start":{"line":54,"column":25},"end":{"line":54,"column":26}},"loc":{"start":{"line":54,"column":51},"end":{"line":56,"column":1}},"line":54},"12":{"name":"(anonymous_12)","decl":{"start":{"line":58,"column":29},"end":{"line":58,"column":30}},"loc":{"start":{"line":58,"column":48},"end":{"line":60,"column":1}},"line":58},"13":{"name":"(anonymous_13)","decl":{"start":{"line":62,"column":26},"end":{"line":62,"column":27}},"loc":{"start":{"line":62,"column":32},"end":{"line":64,"column":1}},"line":62},"14":{"name":"(anonymous_14)","decl":{"start":{"line":66,"column":30},"end":{"line":66,"column":31}},"loc":{"start":{"line":66,"column":45},"end":{"line":68,"column":1}},"line":66},"15":{"name":"(anonymous_15)","decl":{"start":{"line":70,"column":24},"end":{"line":70,"column":25}},"loc":{"start":{"line":70,"column":39},"end":{"line":73,"column":1}},"line":70},"16":{"name":"(anonymous_16)","decl":{"start":{"line":75,"column":30},"end":{"line":75,"column":31}},"loc":{"start":{"line":75,"column":48},"end":{"line":77,"column":1}},"line":75},"17":{"name":"(anonymous_17)","decl":{"start":{"line":79,"column":29},"end":{"line":79,"column":30}},"loc":{"start":{"line":79,"column":35},"end":{"line":81,"column":1}},"line":79},"18":{"name":"(anonymous_18)","decl":{"start":{"line":83,"column":29},"end":{"line":83,"column":30}},"loc":{"start":{"line":83,"column":44},"end":{"line":85,"column":1}},"line":83},"19":{"name":"(anonymous_19)","decl":{"start":{"line":87,"column":32},"end":{"line":87,"column":33}},"loc":{"start":{"line":87,"column":38},"end":{"line":89,"column":1}},"line":87},"20":{"name":"(anonymous_20)","decl":{"start":{"line":91,"column":30},"end":{"line":91,"column":31}},"loc":{"start":{"line":91,"column":36},"end":{"line":93,"column":1}},"line":91},"21":{"name":"(anonymous_21)","decl":{"start":{"line":95,"column":23},"end":{"line":95,"column":24}},"loc":{"start":{"line":95,"column":72},"end":{"line":103,"column":1}},"line":95},"22":{"name":"(anonymous_22)","decl":{"start":{"line":105,"column":39},"end":{"line":105,"column":40}},"loc":{"start":{"line":105,"column":61},"end":{"line":107,"column":1}},"line":105},"23":{"name":"(anonymous_23)","decl":{"start":{"line":109,"column":35},"end":{"line":109,"column":36}},"loc":{"start":{"line":109,"column":57},"end":{"line":111,"column":1}},"line":109},"24":{"name":"(anonymous_24)","decl":{"start":{"line":113,"column":32},"end":{"line":113,"column":33}},"loc":{"start":{"line":113,"column":50},"end":{"line":115,"column":1}},"line":113},"25":{"name":"(anonymous_25)","decl":{"start":{"line":117,"column":31},"end":{"line":117,"column":32}},"loc":{"start":{"line":117,"column":53},"end":{"line":125,"column":1}},"line":117},"26":{"name":"(anonymous_26)","decl":{"start":{"line":127,"column":47},"end":{"line":127,"column":48}},"loc":{"start":{"line":127,"column":69},"end":{"line":134,"column":1}},"line":127},"27":{"name":"(anonymous_27)","decl":{"start":{"line":136,"column":34},"end":{"line":136,"column":35}},"loc":{"start":{"line":136,"column":84},"end":{"line":144,"column":1}},"line":136}},"branchMap":{"0":{"loc":{"start":{"line":101,"column":32},"end":{"line":101,"column":67}},"type":"cond-expr","locations":[{"start":{"line":101,"column":46},"end":{"line":101,"column":58}},{"start":{"line":101,"column":61},"end":{"line":101,"column":67}}],"line":101},"1":{"loc":{"start":{"line":101,"column":71},"end":{"line":101,"column":109}},"type":"cond-expr","locations":[{"start":{"line":101,"column":86},"end":{"line":101,"column":99}},{"start":{"line":101,"column":102},"end":{"line":101,"column":109}}],"line":101},"2":{"loc":{"start":{"line":123,"column":30},"end":{"line":123,"column":65}},"type":"cond-expr","locations":[{"start":{"line":123,"column":44},"end":{"line":123,"column":56}},{"start":{"line":123,"column":59},"end":{"line":123,"column":65}}],"line":123},"3":{"loc":{"start":{"line":123,"column":69},"end":{"line":123,"column":107}},"type":"cond-expr","locations":[{"start":{"line":123,"column":84},"end":{"line":123,"column":97}},{"start":{"line":123,"column":100},"end":{"line":123,"column":107}}],"line":123},"4":{"loc":{"start":{"line":132,"column":32},"end":{"line":132,"column":67}},"type":"cond-expr","locations":[{"start":{"line":132,"column":46},"end":{"line":132,"column":58}},{"start":{"line":132,"column":61},"end":{"line":132,"column":67}}],"line":132},"5":{"loc":{"start":{"line":142,"column":32},"end":{"line":142,"column":67}},"type":"cond-expr","locations":[{"start":{"line":142,"column":46},"end":{"line":142,"column":58}},{"start":{"line":142,"column":61},"end":{"line":142,"column":67}}],"line":142},"6":{"loc":{"start":{"line":142,"column":71},"end":{"line":142,"column":109}},"type":"cond-expr","locations":[{"start":{"line":142,"column":86},"end":{"line":142,"column":99}},{"start":{"line":142,"column":102},"end":{"line":142,"column":109}}],"line":142}},"s":{"0":1,"1":1,"2":1,"3":1,"4":1,"5":2,"6":1,"7":2,"8":1,"9":2,"10":1,"11":1,"12":1,"13":1,"14":1,"15":1,"16":1,"17":1,"18":1,"19":0,"20":0,"21":1,"22":0,"23":1,"24":1,"25":1,"26":2,"27":1,"28":7,"29":1,"30":1,"31":1,"32":0,"33":1,"34":0,"35":0,"36":1,"37":0,"38":1,"39":0,"40":1,"41":0,"42":1,"43":0,"44":1,"45":0,"46":1,"47":0,"48":0,"49":0,"50":0,"51":0,"52":0,"53":1,"54":0,"55":1,"56":0,"57":1,"58":0,"59":1,"60":0,"61":0,"62":0,"63":0,"64":0,"65":0,"66":1,"67":0,"68":0,"69":0,"70":0,"71":0,"72":1,"73":0,"74":0,"75":0,"76":0,"77":0,"78":0},"f":{"0":1,"1":2,"2":2,"3":2,"4":1,"5":1,"6":1,"7":1,"8":0,"9":0,"10":1,"11":2,"12":7,"13":1,"14":0,"15":0,"16":0,"17":0,"18":0,"19":0,"20":0,"21":0,"22":0,"23":0,"24":0,"25":0,"26":0,"27":0},"b":{"0":[0,0],"1":[0,0],"2":[0,0],"3":[0,0],"4":[0,0],"5":[0,0],"6":[0,0]},"_coverageSchema":"1a1c01bbd47fc00a2c39e90264f33305004495a9","hash":"b7c48e56e96560f8f839069758c37d9610b2fac6"}
}
