{"/Users/kimdong-u/Desktop/soomgo_commuting/soomgo_wecode_commuting_app/app/data/repository/UsingFirebaseDB.ts": {"path":"/Users/kimdong-u/Desktop/soomgo_commuting/soomgo_wecode_commuting_app/app/data/repository/UsingFirebaseDB.ts","statementMap":{"0":{"start":{"line":1,"column":0},"end":{"line":1,"column":80}},"1":{"start":{"line":12,"column":4},"end":{"line":12,"column":80}},"2":{"start":{"line":16,"column":4},"end":{"line":16,"column":53}},"3":{"start":{"line":20,"column":4},"end":{"line":20,"column":56}},"4":{"start":{"line":24,"column":4},"end":{"line":24,"column":54}},"5":{"start":{"line":28,"column":22},"end":{"line":28,"column":52}},"6":{"start":{"line":29,"column":4},"end":{"line":29,"column":21}},"7":{"start":{"line":6,"column":0},"end":{"line":6,"column":13}},"8":{"start":{"line":33,"column":0},"end":{"line":33,"column":31}}},"fnMap":{"0":{"name":"(anonymous_1)","decl":{"start":{"line":7,"column":2},"end":{"line":7,"column":15}},"loc":{"start":{"line":10,"column":64},"end":{"line":13,"column":3}}},"1":{"name":"(anonymous_2)","decl":{"start":{"line":15,"column":2},"end":{"line":15,"column":13}},"loc":{"start":{"line":15,"column":48},"end":{"line":17,"column":3}}},"2":{"name":"(anonymous_3)","decl":{"start":{"line":19,"column":2},"end":{"line":19,"column":16}},"loc":{"start":{"line":19,"column":51},"end":{"line":21,"column":3}}},"3":{"name":"(anonymous_4)","decl":{"start":{"line":23,"column":2},"end":{"line":23,"column":14}},"loc":{"start":{"line":23,"column":49},"end":{"line":25,"column":3}}},"4":{"name":"(anonymous_5)","decl":{"start":{"line":27,"column":2},"end":{"line":27,"column":22}},"loc":{"start":{"line":27,"column":22},"end":{"line":30,"column":3}}}},"branchMap":{},"s":{"0":2,"1":1,"2":0,"3":0,"4":0,"5":0,"6":0,"7":2,"8":2},"f":{"0":1,"1":0,"2":0,"3":0,"4":0},"b":{}}
,"/Users/kimdong-u/Desktop/soomgo_commuting/soomgo_wecode_commuting_app/app/data/repository/workLog/WorkLogRepository.ts": {"path":"/Users/kimdong-u/Desktop/soomgo_commuting/soomgo_wecode_commuting_app/app/data/repository/workLog/WorkLogRepository.ts","statementMap":{"0":{"start":{"line":1,"column":0},"end":{"line":1,"column":51}},"1":{"start":{"line":2,"column":0},"end":{"line":2,"column":95}},"2":{"start":{"line":3,"column":0},"end":{"line":3,"column":47}},"3":{"start":{"line":8,"column":16},"end":{"line":8,"column":39}},"4":{"start":{"line":10,"column":4},"end":{"line":18,"column":null}},"5":{"start":{"line":11,"column":22},"end":{"line":13,"column":8}},"6":{"start":{"line":12,"column":8},"end":{"line":12,"column":35}},"7":{"start":{"line":14,"column":6},"end":{"line":14,"column":21}},"8":{"start":{"line":16,"column":6},"end":{"line":16,"column":53}},"9":{"start":{"line":17,"column":6},"end":{"line":17,"column":18}},"10":{"start":{"line":21,"column":16},"end":{"line":21,"column":39}},"11":{"start":{"line":23,"column":4},"end":{"line":31,"column":null}},"12":{"start":{"line":24,"column":22},"end":{"line":26,"column":8}},"13":{"start":{"line":25,"column":8},"end":{"line":25,"column":35}},"14":{"start":{"line":27,"column":6},"end":{"line":27,"column":21}},"15":{"start":{"line":29,"column":6},"end":{"line":29,"column":49}},"16":{"start":{"line":30,"column":6},"end":{"line":30,"column":18}},"17":{"start":{"line":35,"column":16},"end":{"line":35,"column":39}},"18":{"start":{"line":37,"column":4},"end":{"line":45,"column":null}},"19":{"start":{"line":38,"column":22},"end":{"line":40,"column":8}},"20":{"start":{"line":39,"column":8},"end":{"line":39,"column":35}},"21":{"start":{"line":41,"column":6},"end":{"line":41,"column":21}},"22":{"start":{"line":43,"column":6},"end":{"line":43,"column":52}},"23":{"start":{"line":44,"column":6},"end":{"line":44,"column":18}},"24":{"start":{"line":49,"column":16},"end":{"line":49,"column":39}},"25":{"start":{"line":51,"column":4},"end":{"line":56,"column":null}},"26":{"start":{"line":52,"column":6},"end":{"line":52,"column":99}},"27":{"start":{"line":53,"column":6},"end":{"line":53,"column":95}},"28":{"start":{"line":55,"column":6},"end":{"line":55,"column":48}},"29":{"start":{"line":6,"column":0},"end":{"line":6,"column":13}}},"fnMap":{"0":{"name":"(anonymous_1)","decl":{"start":{"line":7,"column":2},"end":{"line":7,"column":7}},"loc":{"start":{"line":7,"column":27},"end":{"line":19,"column":3}}},"1":{"name":"(anonymous_2)","decl":{"start":{"line":11,"column":100},"end":{"line":11,"column":108}},"loc":{"start":{"line":11,"column":111},"end":{"line":13,"column":7}}},"2":{"name":"(anonymous_3)","decl":{"start":{"line":20,"column":2},"end":{"line":20,"column":7}},"loc":{"start":{"line":20,"column":23},"end":{"line":32,"column":3}}},"3":{"name":"(anonymous_4)","decl":{"start":{"line":24,"column":96},"end":{"line":24,"column":104}},"loc":{"start":{"line":24,"column":107},"end":{"line":26,"column":7}}},"4":{"name":"(anonymous_5)","decl":{"start":{"line":34,"column":2},"end":{"line":34,"column":7}},"loc":{"start":{"line":34,"column":26},"end":{"line":46,"column":3}}},"5":{"name":"(anonymous_6)","decl":{"start":{"line":38,"column":93},"end":{"line":38,"column":101}},"loc":{"start":{"line":38,"column":104},"end":{"line":40,"column":7}}},"6":{"name":"(anonymous_7)","decl":{"start":{"line":48,"column":2},"end":{"line":48,"column":7}},"loc":{"start":{"line":48,"column":73},"end":{"line":57,"column":3}}}},"branchMap":{},"s":{"0":1,"1":1,"2":1,"3":1,"4":1,"5":1,"6":1,"7":1,"8":0,"9":0,"10":0,"11":0,"12":0,"13":0,"14":0,"15":0,"16":0,"17":0,"18":0,"19":0,"20":0,"21":0,"22":0,"23":0,"24":0,"25":0,"26":0,"27":0,"28":0,"29":1},"f":{"0":1,"1":1,"2":0,"3":0,"4":0,"5":0,"6":0},"b":{}}
,"/Users/kimdong-u/Desktop/soomgo_commuting/soomgo_wecode_commuting_app/app/data/repository/workTimeDetail/WorkTimeDetailRepository.ts": {"path":"/Users/kimdong-u/Desktop/soomgo_commuting/soomgo_wecode_commuting_app/app/data/repository/workTimeDetail/WorkTimeDetailRepository.ts","statementMap":{"0":{"start":{"line":1,"column":0},"end":{"line":1,"column":51}},"1":{"start":{"line":2,"column":0},"end":{"line":2,"column":47}},"2":{"start":{"line":3,"column":0},"end":{"line":3,"column":55}},"3":{"start":{"line":4,"column":0},"end":{"line":4,"column":106}},"4":{"start":{"line":9,"column":16},"end":{"line":9,"column":39}},"5":{"start":{"line":11,"column":22},"end":{"line":11,"column":47}},"6":{"start":{"line":12,"column":20},"end":{"line":12,"column":43}},"7":{"start":{"line":13,"column":24},"end":{"line":13,"column":51}},"8":{"start":{"line":14,"column":22},"end":{"line":14,"column":47}},"9":{"start":{"line":15,"column":36},"end":{"line":15,"column":38}},"10":{"start":{"line":16,"column":45},"end":{"line":16,"column":47}},"11":{"start":{"line":18,"column":4},"end":{"line":66,"column":null}},"12":{"start":{"line":19,"column":24},"end":{"line":26,"column":10}},"13":{"start":{"line":25,"column":10},"end":{"line":25,"column":32}},"14":{"start":{"line":29,"column":6},"end":{"line":35,"column":9}},"15":{"start":{"line":30,"column":8},"end":{"line":34,"column":11}},"16":{"start":{"line":31,"column":10},"end":{"line":33,"column":null}},"17":{"start":{"line":32,"column":12},"end":{"line":32,"column":38}},"18":{"start":{"line":37,"column":6},"end":{"line":62,"column":9}},"19":{"start":{"line":38,"column":8},"end":{"line":61,"column":11}},"20":{"start":{"line":39,"column":10},"end":{"line":60,"column":null}},"21":{"start":{"line":40,"column":12},"end":{"line":59,"column":null}},"22":{"start":{"line":41,"column":31},"end":{"line":41,"column":73}},"23":{"start":{"line":42,"column":29},"end":{"line":43,"column":null}},"24":{"start":{"line":45,"column":29},"end":{"line":50,"column":16}},"25":{"start":{"line":51,"column":27},"end":{"line":56,"column":16}},"26":{"start":{"line":58,"column":14},"end":{"line":58,"column":75}},"27":{"start":{"line":63,"column":6},"end":{"line":63,"column":31}},"28":{"start":{"line":65,"column":6},"end":{"line":65,"column":18}},"29":{"start":{"line":7,"column":0},"end":{"line":7,"column":13}}},"fnMap":{"0":{"name":"(anonymous_1)","decl":{"start":{"line":8,"column":2},"end":{"line":8,"column":7}},"loc":{"start":{"line":8,"column":63},"end":{"line":67,"column":3}}},"1":{"name":"(anonymous_2)","decl":{"start":{"line":24,"column":23},"end":{"line":24,"column":31}},"loc":{"start":{"line":24,"column":34},"end":{"line":26,"column":9}}},"2":{"name":"(anonymous_3)","decl":{"start":{"line":29,"column":62},"end":{"line":29,"column":63}},"loc":{"start":{"line":29,"column":76},"end":{"line":35,"column":7}}},"3":{"name":"(anonymous_4)","decl":{"start":{"line":30,"column":34},"end":{"line":30,"column":37}},"loc":{"start":{"line":30,"column":40},"end":{"line":34,"column":9}}},"4":{"name":"(anonymous_5)","decl":{"start":{"line":37,"column":62},"end":{"line":37,"column":63}},"loc":{"start":{"line":37,"column":76},"end":{"line":62,"column":7}}},"5":{"name":"(anonymous_6)","decl":{"start":{"line":38,"column":39},"end":{"line":38,"column":50}},"loc":{"start":{"line":38,"column":53},"end":{"line":61,"column":9}}}},"branchMap":{"0":{"loc":{"start":{"line":31,"column":10},"end":{"line":33,"column":null}},"type":"if","locations":[{"start":{"line":31,"column":10},"end":{"line":33,"column":null}},{"start":{"line":31,"column":10},"end":{"line":33,"column":null}}]},"1":{"loc":{"start":{"line":31,"column":14},"end":{"line":31,"column":62}},"type":"binary-expr","locations":[{"start":{"line":31,"column":14},"end":{"line":31,"column":62}},{"start":{"line":31,"column":66},"end":{"line":31,"column":112}}]},"2":{"loc":{"start":{"line":39,"column":10},"end":{"line":60,"column":null}},"type":"if","locations":[{"start":{"line":39,"column":10},"end":{"line":60,"column":null}},{"start":{"line":39,"column":10},"end":{"line":60,"column":null}}]},"3":{"loc":{"start":{"line":39,"column":14},"end":{"line":39,"column":54}},"type":"binary-expr","locations":[{"start":{"line":39,"column":14},"end":{"line":39,"column":54}},{"start":{"line":39,"column":58},"end":{"line":39,"column":96}}]},"4":{"loc":{"start":{"line":40,"column":12},"end":{"line":59,"column":null}},"type":"if","locations":[{"start":{"line":40,"column":12},"end":{"line":59,"column":null}},{"start":{"line":40,"column":12},"end":{"line":59,"column":null}}]}},"s":{"0":1,"1":1,"2":1,"3":1,"4":1,"5":1,"6":1,"7":1,"8":1,"9":1,"10":1,"11":1,"12":1,"13":1,"14":1,"15":1,"16":1,"17":1,"18":1,"19":1,"20":1,"21":1,"22":1,"23":1,"24":1,"25":1,"26":1,"27":1,"28":0,"29":1},"f":{"0":1,"1":1,"2":1,"3":1,"4":1,"5":1},"b":{"0":[1,0],"1":[1,0],"2":[1,0],"3":[1,1],"4":[1,0]}}
,"/Users/kimdong-u/Desktop/soomgo_commuting/soomgo_wecode_commuting_app/app/utils/dayjs.ts": {"path":"/Users/kimdong-u/Desktop/soomgo_commuting/soomgo_wecode_commuting_app/app/utils/dayjs.ts","statementMap":{"0":{"start":{"line":1,"column":0},"end":{"line":1,"column":26}},"1":{"start":{"line":2,"column":0},"end":{"line":2,"column":25}},"2":{"start":{"line":3,"column":0},"end":{"line":3,"column":30}},"3":{"start":{"line":4,"column":0},"end":{"line":4,"column":35}},"4":{"start":{"line":5,"column":0},"end":{"line":5,"column":43}},"5":{"start":{"line":7,"column":0},"end":{"line":7,"column":19}},"6":{"start":{"line":8,"column":0},"end":{"line":8,"column":19}},"7":{"start":{"line":9,"column":0},"end":{"line":9,"column":18}},"8":{"start":{"line":11,"column":24},"end":{"line":17,"column":1}},"9":{"start":{"line":12,"column":2},"end":{"line":16,"column":null}},"10":{"start":{"line":13,"column":4},"end":{"line":13,"column":25}},"11":{"start":{"line":15,"column":4},"end":{"line":15,"column":26}},"12":{"start":{"line":11,"column":13},"end":{"line":11,"column":24}},"13":{"start":{"line":19,"column":24},"end":{"line":21,"column":1}},"14":{"start":{"line":20,"column":2},"end":{"line":20,"column":47}},"15":{"start":{"line":19,"column":13},"end":{"line":19,"column":24}},"16":{"start":{"line":23,"column":23},"end":{"line":25,"column":1}},"17":{"start":{"line":24,"column":2},"end":{"line":24,"column":24}},"18":{"start":{"line":23,"column":13},"end":{"line":23,"column":23}},"19":{"start":{"line":27,"column":24},"end":{"line":29,"column":1}},"20":{"start":{"line":28,"column":2},"end":{"line":28,"column":29}},"21":{"start":{"line":27,"column":13},"end":{"line":27,"column":24}},"22":{"start":{"line":31,"column":23},"end":{"line":33,"column":1}},"23":{"start":{"line":32,"column":2},"end":{"line":32,"column":24}},"24":{"start":{"line":31,"column":13},"end":{"line":31,"column":23}},"25":{"start":{"line":35,"column":23},"end":{"line":37,"column":1}},"26":{"start":{"line":36,"column":2},"end":{"line":36,"column":69}},"27":{"start":{"line":35,"column":13},"end":{"line":35,"column":23}},"28":{"start":{"line":39,"column":28},"end":{"line":41,"column":1}},"29":{"start":{"line":40,"column":2},"end":{"line":40,"column":44}},"30":{"start":{"line":39,"column":13},"end":{"line":39,"column":28}},"31":{"start":{"line":43,"column":27},"end":{"line":45,"column":1}},"32":{"start":{"line":44,"column":2},"end":{"line":44,"column":27}},"33":{"start":{"line":43,"column":13},"end":{"line":43,"column":27}},"34":{"start":{"line":47,"column":34},"end":{"line":49,"column":1}},"35":{"start":{"line":48,"column":2},"end":{"line":48,"column":38}},"36":{"start":{"line":47,"column":13},"end":{"line":47,"column":34}},"37":{"start":{"line":51,"column":38},"end":{"line":54,"column":1}},"38":{"start":{"line":52,"column":20},"end":{"line":52,"column":65}},"39":{"start":{"line":53,"column":2},"end":{"line":53,"column":47}},"40":{"start":{"line":51,"column":13},"end":{"line":51,"column":38}},"41":{"start":{"line":56,"column":27},"end":{"line":58,"column":1}},"42":{"start":{"line":57,"column":2},"end":{"line":57,"column":43}},"43":{"start":{"line":56,"column":13},"end":{"line":56,"column":27}},"44":{"start":{"line":60,"column":30},"end":{"line":62,"column":1}},"45":{"start":{"line":61,"column":2},"end":{"line":61,"column":26}},"46":{"start":{"line":60,"column":13},"end":{"line":60,"column":30}},"47":{"start":{"line":64,"column":25},"end":{"line":66,"column":1}},"48":{"start":{"line":65,"column":2},"end":{"line":65,"column":47}},"49":{"start":{"line":64,"column":13},"end":{"line":64,"column":25}},"50":{"start":{"line":68,"column":29},"end":{"line":70,"column":1}},"51":{"start":{"line":69,"column":2},"end":{"line":69,"column":49}},"52":{"start":{"line":68,"column":13},"end":{"line":68,"column":29}},"53":{"start":{"line":72,"column":26},"end":{"line":74,"column":1}},"54":{"start":{"line":73,"column":2},"end":{"line":73,"column":24}},"55":{"start":{"line":72,"column":13},"end":{"line":72,"column":26}},"56":{"start":{"line":76,"column":30},"end":{"line":78,"column":1}},"57":{"start":{"line":77,"column":2},"end":{"line":77,"column":28}},"58":{"start":{"line":76,"column":13},"end":{"line":76,"column":30}},"59":{"start":{"line":80,"column":24},"end":{"line":83,"column":1}},"60":{"start":{"line":81,"column":2},"end":{"line":81,"column":21}},"61":{"start":{"line":82,"column":2},"end":{"line":82,"column":39}},"62":{"start":{"line":80,"column":13},"end":{"line":80,"column":24}},"63":{"start":{"line":85,"column":30},"end":{"line":87,"column":1}},"64":{"start":{"line":86,"column":2},"end":{"line":86,"column":37}},"65":{"start":{"line":85,"column":13},"end":{"line":85,"column":30}},"66":{"start":{"line":89,"column":29},"end":{"line":91,"column":1}},"67":{"start":{"line":90,"column":2},"end":{"line":90,"column":47}},"68":{"start":{"line":89,"column":13},"end":{"line":89,"column":29}},"69":{"start":{"line":93,"column":29},"end":{"line":95,"column":1}},"70":{"start":{"line":94,"column":2},"end":{"line":94,"column":42}},"71":{"start":{"line":93,"column":13},"end":{"line":93,"column":29}},"72":{"start":{"line":97,"column":32},"end":{"line":99,"column":1}},"73":{"start":{"line":98,"column":2},"end":{"line":98,"column":46}},"74":{"start":{"line":97,"column":13},"end":{"line":97,"column":32}},"75":{"start":{"line":101,"column":30},"end":{"line":103,"column":1}},"76":{"start":{"line":102,"column":2},"end":{"line":102,"column":81}},"77":{"start":{"line":101,"column":13},"end":{"line":101,"column":30}},"78":{"start":{"line":105,"column":23},"end":{"line":113,"column":1}},"79":{"start":{"line":106,"column":15},"end":{"line":106,"column":77}},"80":{"start":{"line":107,"column":15},"end":{"line":107,"column":50}},"81":{"start":{"line":108,"column":17},"end":{"line":108,"column":54}},"82":{"start":{"line":109,"column":18},"end":{"line":109,"column":48}},"83":{"start":{"line":111,"column":21},"end":{"line":111,"column":111}},"84":{"start":{"line":112,"column":2},"end":{"line":112,"column":20}},"85":{"start":{"line":105,"column":13},"end":{"line":105,"column":23}},"86":{"start":{"line":115,"column":40},"end":{"line":117,"column":1}},"87":{"start":{"line":116,"column":2},"end":{"line":116,"column":46}},"88":{"start":{"line":115,"column":13},"end":{"line":115,"column":40}},"89":{"start":{"line":119,"column":35},"end":{"line":121,"column":1}},"90":{"start":{"line":120,"column":2},"end":{"line":120,"column":55}},"91":{"start":{"line":119,"column":13},"end":{"line":119,"column":35}},"92":{"start":{"line":123,"column":32},"end":{"line":125,"column":1}},"93":{"start":{"line":124,"column":2},"end":{"line":124,"column":31}},"94":{"start":{"line":123,"column":13},"end":{"line":123,"column":32}},"95":{"start":{"line":127,"column":31},"end":{"line":135,"column":1}},"96":{"start":{"line":128,"column":15},"end":{"line":128,"column":23}},"97":{"start":{"line":129,"column":15},"end":{"line":129,"column":50}},"98":{"start":{"line":130,"column":17},"end":{"line":130,"column":54}},"99":{"start":{"line":131,"column":18},"end":{"line":131,"column":48}},"100":{"start":{"line":133,"column":19},"end":{"line":133,"column":109}},"101":{"start":{"line":134,"column":2},"end":{"line":134,"column":18}},"102":{"start":{"line":127,"column":13},"end":{"line":127,"column":31}},"103":{"start":{"line":137,"column":47},"end":{"line":144,"column":1}},"104":{"start":{"line":138,"column":15},"end":{"line":138,"column":23}},"105":{"start":{"line":139,"column":15},"end":{"line":139,"column":50}},"106":{"start":{"line":140,"column":17},"end":{"line":140,"column":54}},"107":{"start":{"line":142,"column":19},"end":{"line":142,"column":70}},"108":{"start":{"line":143,"column":2},"end":{"line":143,"column":18}},"109":{"start":{"line":137,"column":13},"end":{"line":137,"column":47}},"110":{"start":{"line":146,"column":34},"end":{"line":157,"column":1}},"111":{"start":{"line":147,"column":2},"end":{"line":149,"column":null}},"112":{"start":{"line":148,"column":4},"end":{"line":148,"column":21}},"113":{"start":{"line":150,"column":15},"end":{"line":150,"column":78}},"114":{"start":{"line":151,"column":15},"end":{"line":151,"column":50}},"115":{"start":{"line":152,"column":17},"end":{"line":152,"column":54}},"116":{"start":{"line":153,"column":18},"end":{"line":153,"column":48}},"117":{"start":{"line":155,"column":21},"end":{"line":155,"column":111}},"118":{"start":{"line":156,"column":2},"end":{"line":156,"column":20}},"119":{"start":{"line":146,"column":13},"end":{"line":146,"column":34}}},"fnMap":{"0":{"name":"(anonymous_1)","decl":{"start":{"line":11,"column":24},"end":{"line":11,"column":27}},"loc":{"start":{"line":11,"column":29},"end":{"line":17,"column":1}}},"1":{"name":"(anonymous_2)","decl":{"start":{"line":19,"column":24},"end":{"line":19,"column":27}},"loc":{"start":{"line":19,"column":29},"end":{"line":21,"column":1}}},"2":{"name":"(anonymous_3)","decl":{"start":{"line":23,"column":23},"end":{"line":23,"column":26}},"loc":{"start":{"line":23,"column":28},"end":{"line":25,"column":1}}},"3":{"name":"(anonymous_4)","decl":{"start":{"line":27,"column":24},"end":{"line":27,"column":27}},"loc":{"start":{"line":27,"column":29},"end":{"line":29,"column":1}}},"4":{"name":"(anonymous_5)","decl":{"start":{"line":31,"column":23},"end":{"line":31,"column":26}},"loc":{"start":{"line":31,"column":28},"end":{"line":33,"column":1}}},"5":{"name":"(anonymous_6)","decl":{"start":{"line":35,"column":23},"end":{"line":35,"column":26}},"loc":{"start":{"line":35,"column":28},"end":{"line":37,"column":1}}},"6":{"name":"(anonymous_7)","decl":{"start":{"line":39,"column":28},"end":{"line":39,"column":31}},"loc":{"start":{"line":39,"column":33},"end":{"line":41,"column":1}}},"7":{"name":"(anonymous_8)","decl":{"start":{"line":43,"column":27},"end":{"line":43,"column":30}},"loc":{"start":{"line":43,"column":32},"end":{"line":45,"column":1}}},"8":{"name":"(anonymous_9)","decl":{"start":{"line":47,"column":34},"end":{"line":47,"column":37}},"loc":{"start":{"line":47,"column":39},"end":{"line":49,"column":1}}},"9":{"name":"(anonymous_10)","decl":{"start":{"line":51,"column":38},"end":{"line":51,"column":41}},"loc":{"start":{"line":51,"column":43},"end":{"line":54,"column":1}}},"10":{"name":"(anonymous_11)","decl":{"start":{"line":56,"column":27},"end":{"line":56,"column":30}},"loc":{"start":{"line":56,"column":32},"end":{"line":58,"column":1}}},"11":{"name":"(anonymous_12)","decl":{"start":{"line":60,"column":30},"end":{"line":60,"column":31}},"loc":{"start":{"line":60,"column":46},"end":{"line":62,"column":1}}},"12":{"name":"(anonymous_13)","decl":{"start":{"line":64,"column":25},"end":{"line":64,"column":26}},"loc":{"start":{"line":64,"column":50},"end":{"line":66,"column":1}}},"13":{"name":"(anonymous_14)","decl":{"start":{"line":68,"column":29},"end":{"line":68,"column":30}},"loc":{"start":{"line":68,"column":47},"end":{"line":70,"column":1}}},"14":{"name":"(anonymous_15)","decl":{"start":{"line":72,"column":26},"end":{"line":72,"column":29}},"loc":{"start":{"line":72,"column":31},"end":{"line":74,"column":1}}},"15":{"name":"(anonymous_16)","decl":{"start":{"line":76,"column":30},"end":{"line":76,"column":31}},"loc":{"start":{"line":76,"column":56},"end":{"line":78,"column":1}}},"16":{"name":"(anonymous_17)","decl":{"start":{"line":80,"column":24},"end":{"line":80,"column":25}},"loc":{"start":{"line":80,"column":50},"end":{"line":83,"column":1}}},"17":{"name":"(anonymous_18)","decl":{"start":{"line":85,"column":30},"end":{"line":85,"column":31}},"loc":{"start":{"line":85,"column":47},"end":{"line":87,"column":1}}},"18":{"name":"(anonymous_19)","decl":{"start":{"line":89,"column":29},"end":{"line":89,"column":32}},"loc":{"start":{"line":89,"column":34},"end":{"line":91,"column":1}}},"19":{"name":"(anonymous_20)","decl":{"start":{"line":93,"column":29},"end":{"line":93,"column":30}},"loc":{"start":{"line":93,"column":55},"end":{"line":95,"column":1}}},"20":{"name":"(anonymous_21)","decl":{"start":{"line":97,"column":32},"end":{"line":97,"column":35}},"loc":{"start":{"line":97,"column":37},"end":{"line":99,"column":1}}},"21":{"name":"(anonymous_22)","decl":{"start":{"line":101,"column":30},"end":{"line":101,"column":33}},"loc":{"start":{"line":101,"column":35},"end":{"line":103,"column":1}}},"22":{"name":"(anonymous_23)","decl":{"start":{"line":105,"column":23},"end":{"line":105,"column":24}},"loc":{"start":{"line":105,"column":71},"end":{"line":113,"column":1}}},"23":{"name":"(anonymous_24)","decl":{"start":{"line":115,"column":40},"end":{"line":115,"column":41}},"loc":{"start":{"line":115,"column":61},"end":{"line":117,"column":1}}},"24":{"name":"(anonymous_25)","decl":{"start":{"line":119,"column":35},"end":{"line":119,"column":36}},"loc":{"start":{"line":119,"column":56},"end":{"line":121,"column":1}}},"25":{"name":"(anonymous_26)","decl":{"start":{"line":123,"column":32},"end":{"line":123,"column":33}},"loc":{"start":{"line":123,"column":49},"end":{"line":125,"column":1}}},"26":{"name":"(anonymous_27)","decl":{"start":{"line":127,"column":31},"end":{"line":127,"column":32}},"loc":{"start":{"line":127,"column":52},"end":{"line":135,"column":1}}},"27":{"name":"(anonymous_28)","decl":{"start":{"line":137,"column":47},"end":{"line":137,"column":48}},"loc":{"start":{"line":137,"column":68},"end":{"line":144,"column":1}}},"28":{"name":"(anonymous_29)","decl":{"start":{"line":146,"column":34},"end":{"line":146,"column":35}},"loc":{"start":{"line":146,"column":83},"end":{"line":157,"column":1}}}},"branchMap":{"0":{"loc":{"start":{"line":12,"column":2},"end":{"line":16,"column":null}},"type":"if","locations":[{"start":{"line":12,"column":2},"end":{"line":16,"column":null}},{"start":{"line":12,"column":2},"end":{"line":16,"column":null}}]},"1":{"loc":{"start":{"line":111,"column":46},"end":{"line":111,"column":58}},"type":"cond-expr","locations":[{"start":{"line":111,"column":46},"end":{"line":111,"column":58}},{"start":{"line":111,"column":61},"end":{"line":111,"column":67}}]},"2":{"loc":{"start":{"line":111,"column":86},"end":{"line":111,"column":99}},"type":"cond-expr","locations":[{"start":{"line":111,"column":86},"end":{"line":111,"column":99}},{"start":{"line":111,"column":102},"end":{"line":111,"column":109}}]},"3":{"loc":{"start":{"line":133,"column":44},"end":{"line":133,"column":56}},"type":"cond-expr","locations":[{"start":{"line":133,"column":44},"end":{"line":133,"column":56}},{"start":{"line":133,"column":59},"end":{"line":133,"column":65}}]},"4":{"loc":{"start":{"line":133,"column":84},"end":{"line":133,"column":97}},"type":"cond-expr","locations":[{"start":{"line":133,"column":84},"end":{"line":133,"column":97}},{"start":{"line":133,"column":100},"end":{"line":133,"column":107}}]},"5":{"loc":{"start":{"line":142,"column":46},"end":{"line":142,"column":58}},"type":"cond-expr","locations":[{"start":{"line":142,"column":46},"end":{"line":142,"column":58}},{"start":{"line":142,"column":61},"end":{"line":142,"column":67}}]},"6":{"loc":{"start":{"line":147,"column":2},"end":{"line":149,"column":null}},"type":"if","locations":[{"start":{"line":147,"column":2},"end":{"line":149,"column":null}},{"start":{"line":147,"column":2},"end":{"line":149,"column":null}}]},"7":{"loc":{"start":{"line":155,"column":46},"end":{"line":155,"column":58}},"type":"cond-expr","locations":[{"start":{"line":155,"column":46},"end":{"line":155,"column":58}},{"start":{"line":155,"column":61},"end":{"line":155,"column":67}}]},"8":{"loc":{"start":{"line":155,"column":86},"end":{"line":155,"column":99}},"type":"cond-expr","locations":[{"start":{"line":155,"column":86},"end":{"line":155,"column":99}},{"start":{"line":155,"column":102},"end":{"line":155,"column":109}}]}},"s":{"0":3,"1":3,"2":3,"3":3,"4":3,"5":3,"6":3,"7":3,"8":3,"9":0,"10":0,"11":0,"12":3,"13":3,"14":1,"15":3,"16":3,"17":4,"18":3,"19":3,"20":4,"21":3,"22":3,"23":3,"24":3,"25":3,"26":1,"27":3,"28":3,"29":1,"30":3,"31":3,"32":1,"33":3,"34":3,"35":2,"36":3,"37":3,"38":1,"39":1,"40":3,"41":3,"42":0,"43":3,"44":3,"45":1,"46":3,"47":3,"48":2,"49":3,"50":3,"51":7,"52":3,"53":3,"54":1,"55":3,"56":3,"57":4,"58":3,"59":3,"60":4,"61":4,"62":3,"63":3,"64":1,"65":3,"66":3,"67":1,"68":3,"69":3,"70":2,"71":3,"72":3,"73":1,"74":3,"75":3,"76":1,"77":3,"78":3,"79":1,"80":1,"81":1,"82":1,"83":1,"84":1,"85":3,"86":3,"87":3,"88":3,"89":3,"90":1,"91":3,"92":3,"93":4,"94":3,"95":3,"96":1,"97":1,"98":1,"99":1,"100":1,"101":1,"102":3,"103":3,"104":1,"105":1,"106":1,"107":1,"108":1,"109":3,"110":3,"111":2,"112":1,"113":1,"114":1,"115":1,"116":1,"117":1,"118":1,"119":3},"f":{"0":0,"1":1,"2":4,"3":4,"4":3,"5":1,"6":1,"7":1,"8":2,"9":1,"10":0,"11":1,"12":2,"13":7,"14":1,"15":4,"16":4,"17":1,"18":1,"19":2,"20":1,"21":1,"22":1,"23":3,"24":1,"25":4,"26":1,"27":1,"28":2},"b":{"0":[0,0],"1":[1,0],"2":[1,0],"3":[1,0],"4":[1,0],"5":[1,0],"6":[1,1],"7":[1,0],"8":[1,0]}}
}
