TN:
SF:app/data/repository/UsingFirebaseDB.ts
FN:7,(anonymous_1)
FN:15,(anonymous_2)
FN:19,(anonymous_3)
FN:23,(anonymous_4)
FN:27,(anonymous_5)
FNF:5
FNH:1
FNDA:1,(anonymous_1)
FNDA:0,(anonymous_2)
FNDA:0,(anonymous_3)
FNDA:0,(anonymous_4)
FNDA:0,(anonymous_5)
DA:1,2
DA:6,2
DA:12,1
DA:16,0
DA:20,0
DA:24,0
DA:28,0
DA:29,0
DA:33,2
LF:9
LH:4
BRF:0
BRH:0
end_of_record
TN:
SF:app/data/repository/workLog/WorkLogRepository.ts
FN:7,(anonymous_1)
FN:11,(anonymous_2)
FN:20,(anonymous_3)
FN:24,(anonymous_4)
FN:34,(anonymous_5)
FN:38,(anonymous_6)
FN:48,(anonymous_7)
FNF:7
FNH:2
FNDA:1,(anonymous_1)
FNDA:1,(anonymous_2)
FNDA:0,(anonymous_3)
FNDA:0,(anonymous_4)
FNDA:0,(anonymous_5)
FNDA:0,(anonymous_6)
FNDA:0,(anonymous_7)
DA:1,1
DA:2,1
DA:3,1
DA:6,1
DA:8,1
DA:10,1
DA:11,1
DA:12,1
DA:14,1
DA:16,0
DA:17,0
DA:21,0
DA:23,0
DA:24,0
DA:25,0
DA:27,0
DA:29,0
DA:30,0
DA:35,0
DA:37,0
DA:38,0
DA:39,0
DA:41,0
DA:43,0
DA:44,0
DA:49,0
DA:51,0
DA:52,0
DA:53,0
DA:55,0
LF:30
LH:9
BRF:0
BRH:0
end_of_record
TN:
SF:app/data/repository/workTimeDetail/WorkTimeDetailRepository.ts
FN:8,(anonymous_1)
FN:24,(anonymous_2)
FN:29,(anonymous_3)
FN:30,(anonymous_4)
FN:37,(anonymous_5)
FN:38,(anonymous_6)
FNF:6
FNH:6
FNDA:1,(anonymous_1)
FNDA:1,(anonymous_2)
FNDA:1,(anonymous_3)
FNDA:1,(anonymous_4)
FNDA:1,(anonymous_5)
FNDA:1,(anonymous_6)
DA:1,1
DA:2,1
DA:3,1
DA:4,1
DA:7,1
DA:9,1
DA:11,1
DA:12,1
DA:13,1
DA:14,1
DA:15,1
DA:16,1
DA:18,1
DA:19,1
DA:25,1
DA:29,1
DA:30,1
DA:31,1
DA:32,1
DA:37,1
DA:38,1
DA:39,1
DA:40,1
DA:41,1
DA:42,1
DA:45,1
DA:51,1
DA:58,1
DA:63,1
DA:65,0
LF:30
LH:29
BRDA:31,0,0,1
BRDA:31,0,1,0
BRDA:31,1,0,1
BRDA:31,1,1,0
BRDA:39,2,0,1
BRDA:39,2,1,0
BRDA:39,3,0,1
BRDA:39,3,1,1
BRDA:40,4,0,1
BRDA:40,4,1,0
BRF:10
BRH:6
end_of_record
TN:
SF:app/utils/dayjs.ts
FN:11,(anonymous_1)
FN:19,(anonymous_2)
FN:23,(anonymous_3)
FN:27,(anonymous_4)
FN:31,(anonymous_5)
FN:35,(anonymous_6)
FN:39,(anonymous_7)
FN:43,(anonymous_8)
FN:47,(anonymous_9)
FN:51,(anonymous_10)
FN:56,(anonymous_11)
FN:60,(anonymous_12)
FN:64,(anonymous_13)
FN:68,(anonymous_14)
FN:72,(anonymous_15)
FN:76,(anonymous_16)
FN:80,(anonymous_17)
FN:85,(anonymous_18)
FN:89,(anonymous_19)
FN:93,(anonymous_20)
FN:97,(anonymous_21)
FN:101,(anonymous_22)
FN:105,(anonymous_23)
FN:115,(anonymous_24)
FN:119,(anonymous_25)
FN:123,(anonymous_26)
FN:127,(anonymous_27)
FN:137,(anonymous_28)
FN:146,(anonymous_29)
FNF:29
FNH:27
FNDA:0,(anonymous_1)
FNDA:1,(anonymous_2)
FNDA:4,(anonymous_3)
FNDA:4,(anonymous_4)
FNDA:3,(anonymous_5)
FNDA:1,(anonymous_6)
FNDA:1,(anonymous_7)
FNDA:1,(anonymous_8)
FNDA:2,(anonymous_9)
FNDA:1,(anonymous_10)
FNDA:0,(anonymous_11)
FNDA:1,(anonymous_12)
FNDA:2,(anonymous_13)
FNDA:7,(anonymous_14)
FNDA:1,(anonymous_15)
FNDA:4,(anonymous_16)
FNDA:4,(anonymous_17)
FNDA:1,(anonymous_18)
FNDA:1,(anonymous_19)
FNDA:2,(anonymous_20)
FNDA:1,(anonymous_21)
FNDA:1,(anonymous_22)
FNDA:1,(anonymous_23)
FNDA:3,(anonymous_24)
FNDA:1,(anonymous_25)
FNDA:4,(anonymous_26)
FNDA:1,(anonymous_27)
FNDA:1,(anonymous_28)
FNDA:2,(anonymous_29)
DA:1,3
DA:2,3
DA:3,3
DA:4,3
DA:5,3
DA:7,3
DA:8,3
DA:9,3
DA:11,3
DA:12,0
DA:13,0
DA:15,0
DA:19,3
DA:20,1
DA:23,3
DA:24,4
DA:27,3
DA:28,4
DA:31,3
DA:32,3
DA:35,3
DA:36,1
DA:39,3
DA:40,1
DA:43,3
DA:44,1
DA:47,3
DA:48,2
DA:51,3
DA:52,1
DA:53,1
DA:56,3
DA:57,0
DA:60,3
DA:61,1
DA:64,3
DA:65,2
DA:68,3
DA:69,7
DA:72,3
DA:73,1
DA:76,3
DA:77,4
DA:80,3
DA:81,4
DA:82,4
DA:85,3
DA:86,1
DA:89,3
DA:90,1
DA:93,3
DA:94,2
DA:97,3
DA:98,1
DA:101,3
DA:102,1
DA:105,3
DA:106,1
DA:107,1
DA:108,1
DA:109,1
DA:111,1
DA:112,1
DA:115,3
DA:116,3
DA:119,3
DA:120,1
DA:123,3
DA:124,4
DA:127,3
DA:128,1
DA:129,1
DA:130,1
DA:131,1
DA:133,1
DA:134,1
DA:137,3
DA:138,1
DA:139,1
DA:140,1
DA:142,1
DA:143,1
DA:146,3
DA:147,2
DA:148,1
DA:150,1
DA:151,1
DA:152,1
DA:153,1
DA:155,1
DA:156,1
LF:91
LH:87
BRDA:12,0,0,0
BRDA:12,0,1,0
BRDA:111,1,0,1
BRDA:111,1,1,0
BRDA:111,2,0,1
BRDA:111,2,1,0
BRDA:133,3,0,1
BRDA:133,3,1,0
BRDA:133,4,0,1
BRDA:133,4,1,0
BRDA:142,5,0,1
BRDA:142,5,1,0
BRDA:147,6,0,1
BRDA:147,6,1,1
BRDA:155,7,0,1
BRDA:155,7,1,0
BRDA:155,8,0,1
BRDA:155,8,1,0
BRF:18
BRH:9
end_of_record
